{"D:\\public-projects\\ajs-homeworks\\ajs-homeworks-test-ci\\src\\health.js": {"path":"D:\\public-projects\\ajs-homeworks\\ajs-homeworks-test-ci\\src\\health.js","statementMap":{"0":{"start":{"line":2,"column":1},"end":{"line":6,"column":2}},"1":{"start":{"line":3,"column":2},"end":{"line":3,"column":19}},"2":{"start":{"line":4,"column":8},"end":{"line":6,"column":2}},"3":{"start":{"line":5,"column":2},"end":{"line":5,"column":19}},"4":{"start":{"line":7,"column":1},"end":{"line":7,"column":19}}},"fnMap":{"0":{"name":"getHealthStatus","decl":{"start":{"line":1,"column":24},"end":{"line":1,"column":39}},"loc":{"start":{"line":1,"column":52},"end":{"line":8,"column":1}},"line":1}},"branchMap":{"0":{"loc":{"start":{"line":2,"column":1},"end":{"line":6,"column":2}},"type":"if","locations":[{"start":{"line":2,"column":1},"end":{"line":6,"column":2}},{"start":{"line":4,"column":8},"end":{"line":6,"column":2}}],"line":2},"1":{"loc":{"start":{"line":4,"column":8},"end":{"line":6,"column":2}},"type":"if","locations":[{"start":{"line":4,"column":8},"end":{"line":6,"column":2}},{"start":{},"end":{}}],"line":4}},"s":{"0":4,"1":1,"2":3,"3":2,"4":1},"f":{"0":4},"b":{"0":[1,3],"1":[2,1]},"_coverageSchema":"1a1c01bbd47fc00a2c39e90264f33305004495a9","hash":"d6680933144f276c1493140ffcef3fc4900d5aa6"}
}
